<?xml version="1.0" encoding="UTF-8"?>
<!-- Generated by org.testng.reporters.JUnitReportReporter -->
<testsuite skipped="0" hostname="bantam-PC" name="headless.chrome.headless.chrome.firefoxHeadless" tests="1" failures="0" timestamp="22 May 2018 16:03:30 GMT" time="46.323" errors="0">
  <testcase name="test33" time="46.323" classname="headless.chrome.headless.chrome.firefoxHeadless"/>
</testsuite> <!-- headless.chrome.headless.chrome.firefoxHeadless -->
