<?xml version="1.0" encoding="UTF-8"?>
<!-- Generated by org.testng.reporters.JUnitReportReporter -->
<testsuite skipped="0" hostname="bantam-PC" name="headless.chrome.headless.chrome.firefoxHeadless" tests="1" failures="0" timestamp="22 May 2018 15:31:41 GMT" time="34.968" errors="0">
  <testcase name="test32" time="34.968" classname="headless.chrome.headless.chrome.firefoxHeadless"/>
</testsuite> <!-- headless.chrome.headless.chrome.firefoxHeadless -->
